#
# There is insufficient memory for the Java Runtime Environment to continue.
# Native memory allocation (malloc) failed to allocate 1048576 bytes for AllocateHeap
# Possible reasons:
#   The system is out of physical RAM or swap space
#   The process is running with CompressedOops enabled, and the Java Heap may be blocking the growth of the native heap
# Possible solutions:
#   Reduce memory load on the system
#   Increase physical memory or swap space
#   Check if swap backing store is full
#   Decrease Java heap size (-Xmx/-Xms)
#   Decrease number of Java threads
#   Decrease Java thread stack sizes (-Xss)
#   Set larger code cache with -XX:ReservedCodeCacheSize=
#   JVM is running with Unscaled Compressed Oops mode in which the Java heap is
#     placed in the first 4GB address space. The Java Heap base address is the
#     maximum limit for the native heap growth. Please use -XX:HeapBaseMinAddress
#     to set the Java Heap base and to place the Java Heap above 4GB virtual address.
# This output file may be truncated or incomplete.
#
#  Out of Memory Error (./src/hotspot/share/memory/allocation.cpp:46), pid=8008, tid=7220
#
# JRE version:  (11.0.12+7) (build )
# Java VM: OpenJDK 64-Bit Server VM (11.0.12+7-b1504.40, mixed mode, sharing, tiered, compressed oops, g1 gc, windows-amd64)
# No core dump will be written. Minidumps are not enabled by default on client versions of Windows
#

---------------  S U M M A R Y ------------

Command Line: -Djava.rmi.server.hostname=127.0.0.1 -Duser.timezone=UTC -Xmx751m -Xms128m -Dfile.encoding=UTF-8 com.intellij.database.remote.RemoteJdbcServer org.sqlite.JDBC

Host: Intel(R) Core(TM) i3-7100U CPU @ 2.40GHz, 4 cores, 5G,  Windows 10 , 64 bit Build 19041 (10.0.19041.1348)
Time: Tue Nov 16 15:56:21 2021 Hora estándar de Argentina elapsed time: 0.503010 seconds (0d 0h 0m 0s)

---------------  T H R E A D  ---------------

Current thread (0x000002925eead000):  JavaThread "Unknown thread" [_thread_in_vm, id=7220, stack(0x000000c6bbf00000,0x000000c6bc000000)]

Stack: [0x000000c6bbf00000,0x000000c6bc000000]
Native frames: (J=compiled Java code, j=interpreted, Vv=VM code, C=native code)
V  [jvm.dll+0x5ff40a]
V  [jvm.dll+0x783b65]
V  [jvm.dll+0x78517d]
V  [jvm.dll+0x785833]
V  [jvm.dll+0x249408]
V  [jvm.dll+0xb8804]
V  [jvm.dll+0x2de1d8]
V  [jvm.dll+0x761f47]
V  [jvm.dll+0x76374c]
V  [jvm.dll+0x362ab9]
V  [jvm.dll+0x7455be]
V  [jvm.dll+0x3cb673]
V  [jvm.dll+0x3cda21]
C  [jli.dll+0x536b]
C  [ucrtbase.dll+0x21bb2]
C  [KERNEL32.DLL+0x17034]
C  [ntdll.dll+0x52651]


---------------  P R O C E S S  ---------------

Threads class SMR info:
_java_thread_list=0x000002925cd00690, length=0, elements={
}

Java Threads: ( => current thread )

Other Threads:

=>0x000002925eead000 (exited) JavaThread "Unknown thread" [_thread_in_vm, id=7220, stack(0x000000c6bbf00000,0x000000c6bc000000)]

Threads with active compile tasks:

VM state:not at safepoint (not fully initialized)

VM Mutex/Monitor currently owned by a thread: None


[error occurred during error reporting (printing compressed oops mode), id 0xc0000005, EXCEPTION_ACCESS_VIOLATION (0xc0000005) at pc=0x00007ff8b2de2d97]

GC Heap History (0 events):
No events

Deoptimization events (0 events):
No events

Classes redefined (0 events):
No events

Internal exceptions (0 events):
No events

Events (1 events):
Event: 0.380 Loaded shared library C:\Program Files\JetBrains\PyCharm 2021.2.3\jbr\bin\zip.dll


Dynamic libraries:
0x00007ff617830000 - 0x00007ff61783a000 	C:\Program Files\JetBrains\PyCharm 2021.2.3\jbr\bin\java.exe
0x00007ff904cd0000 - 0x00007ff904ec5000 	C:\Windows\SYSTEM32\ntdll.dll
0x00007ff904060000 - 0x00007ff90411e000 	C:\Windows\System32\KERNEL32.DLL
0x00007ff902630000 - 0x00007ff9028f8000 	C:\Windows\System32\KERNELBASE.dll
0x00007ff9023f0000 - 0x00007ff9024f0000 	C:\Windows\System32\ucrtbase.dll
0x00007ff8f0000000 - 0x00007ff8f0019000 	C:\Program Files\JetBrains\PyCharm 2021.2.3\jbr\bin\jli.dll
0x00007ff9035c0000 - 0x00007ff903761000 	C:\Windows\System32\USER32.dll
0x00007ff9029f0000 - 0x00007ff902a12000 	C:\Windows\System32\win32u.dll
0x00007ff903af0000 - 0x00007ff903b1b000 	C:\Windows\System32\GDI32.dll
0x00007ff902be0000 - 0x00007ff902ceb000 	C:\Windows\System32\gdi32full.dll
0x00007ff902950000 - 0x00007ff9029ed000 	C:\Windows\System32\msvcp_win.dll
0x00007ff8eeef0000 - 0x00007ff8ef18a000 	C:\Windows\WinSxS\amd64_microsoft.windows.common-controls_6595b64144ccf1df_6.0.19041.1110_none_60b5254171f9507e\COMCTL32.dll
0x00007ff903d30000 - 0x00007ff903dce000 	C:\Windows\System32\msvcrt.dll
0x00007ff8ef650000 - 0x00007ff8ef667000 	C:\Program Files\JetBrains\PyCharm 2021.2.3\jbr\bin\VCRUNTIME140.dll
0x00007ff904c60000 - 0x00007ff904c90000 	C:\Windows\System32\IMM32.DLL
0x00007ff8d9ef0000 - 0x00007ff8d9f8d000 	C:\Program Files\JetBrains\PyCharm 2021.2.3\jbr\bin\msvcp140.dll
0x00007ff8b2680000 - 0x00007ff8b31d8000 	C:\Program Files\JetBrains\PyCharm 2021.2.3\jbr\bin\server\jvm.dll
0x00007ff903c80000 - 0x00007ff903d2c000 	C:\Windows\System32\ADVAPI32.dll
0x00007ff904bc0000 - 0x00007ff904c5b000 	C:\Windows\System32\sechost.dll
0x00007ff902e10000 - 0x00007ff902f3a000 	C:\Windows\System32\RPCRT4.dll
0x00007ff903b80000 - 0x00007ff903b88000 	C:\Windows\System32\PSAPI.DLL
0x00007ff8ee680000 - 0x00007ff8ee689000 	C:\Windows\SYSTEM32\WSOCK32.dll
0x00007ff8fb9a0000 - 0x00007ff8fb9c7000 	C:\Windows\SYSTEM32\WINMM.dll
0x00007ff8f9fe0000 - 0x00007ff8f9fea000 	C:\Windows\SYSTEM32\VERSION.dll
0x00007ff903780000 - 0x00007ff9037eb000 	C:\Windows\System32\WS2_32.dll
0x00007ff900210000 - 0x00007ff900222000 	C:\Windows\SYSTEM32\kernel.appcore.dll
0x00007ff8eca50000 - 0x00007ff8eca61000 	C:\Program Files\JetBrains\PyCharm 2021.2.3\jbr\bin\verify.dll
0x00007ff8ee130000 - 0x00007ff8ee314000 	C:\Windows\SYSTEM32\DBGHELP.DLL
0x00007ff8ed4a0000 - 0x00007ff8ed4cc000 	C:\Windows\SYSTEM32\dbgcore.DLL
0x00007ff9024f0000 - 0x00007ff902573000 	C:\Windows\System32\bcryptPrimitives.dll
0x00007ff8d9ec0000 - 0x00007ff8d9ee9000 	C:\Program Files\JetBrains\PyCharm 2021.2.3\jbr\bin\java.dll
0x00007ff8fe0d0000 - 0x00007ff8fe0db000 	C:\Program Files\JetBrains\PyCharm 2021.2.3\jbr\bin\jimage.dll
0x00007ff8df720000 - 0x00007ff8df738000 	C:\Program Files\JetBrains\PyCharm 2021.2.3\jbr\bin\zip.dll

dbghelp: loaded successfully - version: 4.0.5 - missing functions: none
symbol engine: initialized successfully - sym options: 0x614 - pdb path: .;C:\Program Files\JetBrains\PyCharm 2021.2.3\jbr\bin;C:\Windows\SYSTEM32;C:\Windows\WinSxS\amd64_microsoft.windows.common-controls_6595b64144ccf1df_6.0.19041.1110_none_60b5254171f9507e;C:\Program Files\JetBrains\PyCharm 2021.2.3\jbr\bin\server

VM Arguments:
jvm_args: -Djava.rmi.server.hostname=127.0.0.1 -Duser.timezone=UTC -Xmx751m -Xms128m -Dfile.encoding=UTF-8 
java_command: com.intellij.database.remote.RemoteJdbcServer org.sqlite.JDBC
java_class_path (initial): C:\Program Files\JetBrains\PyCharm 2021.2.3\lib\util.jar;C:\Program Files\JetBrains\PyCharm 2021.2.3\lib\groovy-2.5.14.jar;C:\Program Files\JetBrains\PyCharm 2021.2.3\plugins\DatabaseTools\lib\jdbc-console.jar;C:\Users\bruno\AppData\Roaming\JetBrains\PyCharm2021.2\jdbc-drivers\Xerial SQLiteJDBC\3.34.0\sqlite-jdbc-3.34.0.jar
Launcher Type: SUN_STANDARD

[Global flags]
     intx CICompilerCount                          = 3                                         {product} {ergonomic}
     uint G1ConcRefinementThreads                  = 4                                         {product} {ergonomic}
   size_t G1HeapRegionSize                         = 1048576                                   {product} {ergonomic}
    uintx GCDrainStackTargetSize                   = 64                                        {product} {ergonomic}
   size_t InitialHeapSize                          = 134217728                                 {product} {command line}
   size_t MaxHeapSize                              = 788529152                                 {product} {command line, ergonomic}
   size_t MinHeapDeltaBytes                        = 1048576                                   {product} {ergonomic}
    uintx NonNMethodCodeHeapSize                   = 5830732                                {pd product} {ergonomic}
    uintx NonProfiledCodeHeapSize                  = 122913754                              {pd product} {ergonomic}
    uintx ProfiledCodeHeapSize                     = 122913754                              {pd product} {ergonomic}
    uintx ReservedCodeCacheSize                    = 251658240                              {pd product} {ergonomic}
     bool SegmentedCodeCache                       = true                                      {product} {ergonomic}
     bool UseCompressedClassPointers               = true                                 {lp64_product} {ergonomic}
     bool UseCompressedOops                        = true                                 {lp64_product} {ergonomic}
     bool UseG1GC                                  = true                                      {product} {ergonomic}
     bool UseLargePagesIndividualAllocation        = false                                  {pd product} {ergonomic}

Logging:
Log output configuration:
 #0: stdout all=warning uptime,level,tags
 #1: stderr all=off uptime,level,tags

Environment Variables:
PATH=C:\Windows\system32;C:\Windows;C:\Windows\System32\Wbem;C:\Windows\System32\WindowsPowerShell\v1.0\;C:\Windows\System32\OpenSSH\;C:\Program Files\MySQL\MySQL Server 8.0\bin\;C:\Program Files\Git\cmd;C:\Program Files\nodejs\;C:\Program Files\Scripts\;C:\Program Files\;C:\Windows\system32;C:\Windows;C:\Windows\System32\Wbem;C:\Windows\System32\WindowsPowerShell\v1.0\;C:\Windows\System32\OpenSSH\;C:\Program Files\MySQL\MySQL Server 8.0\bin\;C:\Program Files\Git\cmd;C:\Program Files\nodejs\;C:\Users\jetbrains\AppData\Roaming\Python\Python37\Scripts
USERNAME=bruno
OS=Windows_NT
PROCESSOR_IDENTIFIER=Intel64 Family 6 Model 142 Stepping 9, GenuineIntel



---------------  S Y S T E M  ---------------

OS: Windows 10 , 64 bit Build 19041 (10.0.19041.1348)
OS uptime: 0 days 10:11 hours

CPU:total 4 (initial active 4) (2 cores per cpu, 2 threads per core) family 6 model 142 stepping 9 microcode 0xb4, cmov, cx8, fxsr, mmx, sse, sse2, sse3, ssse3, sse4.1, sse4.2, popcnt, avx, avx2, aes, clmul, erms, 3dnowpref, lzcnt, ht, tsc, tscinvbit, bmi1, bmi2, adx, fma

Memory: 4k page, system-wide physical 6010M (174M free)
TotalPageFile size 6010M (AvailPageFile size 5M)
current process WorkingSet (physical memory assigned to process): 9M, peak: 9M
current process commit charge ("private bytes"): 12M, peak: 13M

vm_info: OpenJDK 64-Bit Server VM (11.0.12+7-b1504.40) for windows-amd64 JRE (11.0.12+7-b1504.40), built on Sep 23 2021 14:38:03 by "" with MS VC++ 14.0 (VS2015)

END.
